{
  "RSpec": {
    "coverage": {
      "/Users/kroshka/challenges/test-all-the-methods/code.rb": [
        1,
        2,
        1,
        null,
        1,
        null,
        null,
        null,
        1,
        1,
        1,
        4,
        null,
        null,
        1,
        null,
        null,
        1,
        1,
        1,
        4,
        null,
        1,
        null,
        null,
        1,
        4,
        1,
        3,
        1,
        2,
        1,
        null,
        1,
        null,
        null,
        null,
        1,
        2,
        9,
        9,
        null,
        0,
        null,
        null,
        null,
        null,
        1,
        2,
        null,
        null,
        1,
        3,
        1,
        null,
        null,
        2,
        2,
        4,
        3,
        null,
        1,
        null
      ]
    },
    "timestamp": 1469393988
  }
}
